<?xml version="1.0" encoding="UTF-8"?>
<testsuite xmlns:xsi="http://www.w3.org/2001/XMLSchema-instance" xsi:noNamespaceSchemaLocation="https://maven.apache.org/surefire/maven-surefire-plugin/xsd/surefire-test-report.xsd" name="app.domain.model.ClientTest" time="0.002" tests="15" errors="0" skipped="0" failures="0">
  <properties>
    <property name="sun.desktop" value="windows"/>
    <property name="awt.toolkit" value="sun.awt.windows.WToolkit"/>
    <property name="java.specification.version" value="11"/>
    <property name="sun.cpu.isalist" value="amd64"/>
    <property name="sun.jnu.encoding" value="Cp1252"/>
    <property name="java.class.path" value="D:\Faculdade\2Semestre\Lapr2\1df-g25\target\test-classes;D:\Faculdade\2Semestre\Lapr2\1df-g25\target\classes;D:\Faculdade\2Semestre\Lapr2\1df-g25\lib\CovidReferenceValues1API-1.0.0.jar;D:\Faculdade\2Semestre\Lapr2\1df-g25\lib\ExternalModule3API-1.0.0.jar;D:\Faculdade\2Semestre\Lapr2\1df-g25\lib\ExternalModule2API-1.0.0.jar;D:\Faculdade\2Semestre\Lapr2\1df-g25\lib\barbecue-2.0-dev.jar;D:\Faculdade\2Semestre\Lapr2\1df-g25\lib\Sum-1.0.0.jar;D:\Faculdade\2Semestre\Lapr2\1df-g25\lib\Report2NHS-1.0.0.jar;C:\Users\dsvio\.m2\repository\at\favre\lib\bcrypt\0.9.0\bcrypt-0.9.0.jar;C:\Users\dsvio\.m2\repository\at\favre\lib\bytes\1.3.0\bytes-1.3.0.jar;C:\Users\dsvio\.m2\repository\junit\junit\4.12\junit-4.12.jar;C:\Users\dsvio\.m2\repository\org\hamcrest\hamcrest-core\1.3\hamcrest-core-1.3.jar;C:\Users\dsvio\.m2\repository\antlr\antlr\2.7.2\antlr-2.7.2.jar;C:\Users\dsvio\.m2\repository\org\apache\commons\commons-lang3\3.5\commons-lang3-3.5.jar;C:\Users\dsvio\.m2\repository\org\apache\commons\commons-math3\3.5\commons-math3-3.5.jar;C:\Users\dsvio\.m2\repository\org\openjfx\javafx-controls\11.0.2\javafx-controls-11.0.2.jar;C:\Users\dsvio\.m2\repository\org\openjfx\javafx-controls\11.0.2\javafx-controls-11.0.2-win.jar;C:\Users\dsvio\.m2\repository\org\openjfx\javafx-graphics\11.0.2\javafx-graphics-11.0.2.jar;C:\Users\dsvio\.m2\repository\org\openjfx\javafx-graphics\11.0.2\javafx-graphics-11.0.2-win.jar;C:\Users\dsvio\.m2\repository\org\openjfx\javafx-base\11.0.2\javafx-base-11.0.2.jar;C:\Users\dsvio\.m2\repository\org\openjfx\javafx-base\11.0.2\javafx-base-11.0.2-win.jar;C:\Users\dsvio\.m2\repository\org\openjfx\javafx-fxml\11.0.2\javafx-fxml-11.0.2.jar;C:\Users\dsvio\.m2\repository\org\openjfx\javafx-fxml\11.0.2\javafx-fxml-11.0.2-win.jar;"/>
    <property name="java.vm.vendor" value="AdoptOpenJDK"/>
    <property name="sun.arch.data.model" value="64"/>
    <property name="user.variant" value=""/>
    <property name="java.vendor.url" value="https://adoptopenjdk.net/"/>
    <property name="user.timezone" value="Europe/London"/>
    <property name="java.vm.specification.version" value="11"/>
    <property name="os.name" value="Windows 10"/>
    <property name="sun.java.launcher" value="SUN_STANDARD"/>
    <property name="user.country" value="PT"/>
    <property name="sun.boot.library.path" value="C:\Program Files\AdoptOpenJDK\jdk-11.0.8.10-hotspot\bin"/>
    <property name="sun.java.command" value="C:\Users\dsvio\AppData\Local\Temp\surefire9535982749494667028\surefirebooter5780893098404410494.jar C:\Users\dsvio\AppData\Local\Temp\surefire9535982749494667028 2021-06-19T22-39-28_743-jvmRun1 surefire5723337730776628172tmp surefire_06701401599771149361tmp"/>
    <property name="jdk.debug" value="release"/>
    <property name="surefire.test.class.path" value="D:\Faculdade\2Semestre\Lapr2\1df-g25\target\test-classes;D:\Faculdade\2Semestre\Lapr2\1df-g25\target\classes;D:\Faculdade\2Semestre\Lapr2\1df-g25\lib\CovidReferenceValues1API-1.0.0.jar;D:\Faculdade\2Semestre\Lapr2\1df-g25\lib\ExternalModule3API-1.0.0.jar;D:\Faculdade\2Semestre\Lapr2\1df-g25\lib\ExternalModule2API-1.0.0.jar;D:\Faculdade\2Semestre\Lapr2\1df-g25\lib\barbecue-2.0-dev.jar;D:\Faculdade\2Semestre\Lapr2\1df-g25\lib\Sum-1.0.0.jar;D:\Faculdade\2Semestre\Lapr2\1df-g25\lib\Report2NHS-1.0.0.jar;C:\Users\dsvio\.m2\repository\at\favre\lib\bcrypt\0.9.0\bcrypt-0.9.0.jar;C:\Users\dsvio\.m2\repository\at\favre\lib\bytes\1.3.0\bytes-1.3.0.jar;C:\Users\dsvio\.m2\repository\junit\junit\4.12\junit-4.12.jar;C:\Users\dsvio\.m2\repository\org\hamcrest\hamcrest-core\1.3\hamcrest-core-1.3.jar;C:\Users\dsvio\.m2\repository\antlr\antlr\2.7.2\antlr-2.7.2.jar;C:\Users\dsvio\.m2\repository\org\apache\commons\commons-lang3\3.5\commons-lang3-3.5.jar;C:\Users\dsvio\.m2\repository\org\apache\commons\commons-math3\3.5\commons-math3-3.5.jar;C:\Users\dsvio\.m2\repository\org\openjfx\javafx-controls\11.0.2\javafx-controls-11.0.2.jar;C:\Users\dsvio\.m2\repository\org\openjfx\javafx-controls\11.0.2\javafx-controls-11.0.2-win.jar;C:\Users\dsvio\.m2\repository\org\openjfx\javafx-graphics\11.0.2\javafx-graphics-11.0.2.jar;C:\Users\dsvio\.m2\repository\org\openjfx\javafx-graphics\11.0.2\javafx-graphics-11.0.2-win.jar;C:\Users\dsvio\.m2\repository\org\openjfx\javafx-base\11.0.2\javafx-base-11.0.2.jar;C:\Users\dsvio\.m2\repository\org\openjfx\javafx-base\11.0.2\javafx-base-11.0.2-win.jar;C:\Users\dsvio\.m2\repository\org\openjfx\javafx-fxml\11.0.2\javafx-fxml-11.0.2.jar;C:\Users\dsvio\.m2\repository\org\openjfx\javafx-fxml\11.0.2\javafx-fxml-11.0.2-win.jar;"/>
    <property name="sun.cpu.endian" value="little"/>
    <property name="user.home" value="C:\Users\dsvio"/>
    <property name="user.language" value="pt"/>
    <property name="java.specification.vendor" value="Oracle Corporation"/>
    <property name="java.version.date" value="2020-07-14"/>
    <property name="java.home" value="C:\Program Files\AdoptOpenJDK\jdk-11.0.8.10-hotspot"/>
    <property name="file.separator" value="\"/>
    <property name="basedir" value="D:\Faculdade\2Semestre\Lapr2\1df-g25"/>
    <property name="java.vm.compressedOopsMode" value="Zero based"/>
    <property name="line.separator" value="&#10;"/>
    <property name="java.specification.name" value="Java Platform API Specification"/>
    <property name="java.vm.specification.vendor" value="Oracle Corporation"/>
    <property name="java.awt.graphicsenv" value="sun.awt.Win32GraphicsEnvironment"/>
    <property name="surefire.real.class.path" value="C:\Users\dsvio\AppData\Local\Temp\surefire9535982749494667028\surefirebooter5780893098404410494.jar"/>
    <property name="user.script" value=""/>
    <property name="sun.management.compiler" value="HotSpot 64-Bit Tiered Compilers"/>
    <property name="java.runtime.version" value="11.0.8+10"/>
    <property name="user.name" value="dsvio"/>
    <property name="path.separator" value=";"/>
    <property name="os.version" value="10.0"/>
    <property name="java.runtime.name" value="OpenJDK Runtime Environment"/>
    <property name="file.encoding" value="Cp1252"/>
    <property name="java.vm.name" value="OpenJDK 64-Bit Server VM"/>
    <property name="java.vendor.version" value="AdoptOpenJDK"/>
    <property name="localRepository" value="C:\Users\dsvio\.m2\repository"/>
    <property name="java.vendor.url.bug" value="https://github.com/AdoptOpenJDK/openjdk-support/issues"/>
    <property name="java.io.tmpdir" value="C:\Users\dsvio\AppData\Local\Temp\"/>
    <property name="idea.version" value="2021.1.2"/>
    <property name="java.version" value="11.0.8"/>
    <property name="user.dir" value="D:\Faculdade\2Semestre\Lapr2\1df-g25"/>
    <property name="os.arch" value="amd64"/>
    <property name="java.vm.specification.name" value="Java Virtual Machine Specification"/>
    <property name="java.awt.printerjob" value="sun.awt.windows.WPrinterJob"/>
    <property name="sun.os.patch.level" value=""/>
    <property name="java.library.path" value="C:\Program Files\AdoptOpenJDK\jdk-11.0.8.10-hotspot\bin;C:\WINDOWS\Sun\Java\bin;C:\WINDOWS\system32;C:\WINDOWS;C:\Program Files\Common Files\Oracle\Java\javapath;C:\Program Files (x86)\Common Files\Oracle\Java\javapath;C:\Program Files\AdoptOpenJDK\jdk-11.0.8.10-hotspot\bin;C:\WINDOWS\system32;C:\WINDOWS;C:\WINDOWS\System32\Wbem;C:\WINDOWS\System32\WindowsPowerShell\v1.0\;C:\WINDOWS\System32\OpenSSH\;C:\Program Files\PuTTY\;C:\Program Files\Git\cmd;D:\Faculdade\Lapr1\gnuplot\gnuplot\bin;C:\Users\dsvio\AppData\Local\Microsoft\WindowsApps;;."/>
    <property name="java.vm.info" value="mixed mode"/>
    <property name="java.vendor" value="AdoptOpenJDK"/>
    <property name="java.vm.version" value="11.0.8+10"/>
    <property name="sun.io.unicode.encoding" value="UnicodeLittle"/>
    <property name="java.class.version" value="55.0"/>
  </properties>
  <testcase name="validateDateOutLimits" classname="app.domain.model.ClientTest" time="0"/>
  <testcase name="validateTIN" classname="app.domain.model.ClientTest" time="0"/>
  <testcase name="validatePhoneNumber" classname="app.domain.model.ClientTest" time="0"/>
  <testcase name="validateCitizenNumberOutLimits" classname="app.domain.model.ClientTest" time="0"/>
  <testcase name="validateGender" classname="app.domain.model.ClientTest" time="0"/>
  <testcase name="validateNameOutLimits" classname="app.domain.model.ClientTest" time="0"/>
  <testcase name="validateNameBlank" classname="app.domain.model.ClientTest" time="0"/>
  <testcase name="validateCitizenNumber" classname="app.domain.model.ClientTest" time="0"/>
  <testcase name="validateNHSNumberOutLimits" classname="app.domain.model.ClientTest" time="0"/>
  <testcase name="validateNHSNumber" classname="app.domain.model.ClientTest" time="0"/>
  <testcase name="validateGenderBlank" classname="app.domain.model.ClientTest" time="0"/>
  <testcase name="validateDate" classname="app.domain.model.ClientTest" time="0"/>
  <testcase name="validateName" classname="app.domain.model.ClientTest" time="0"/>
  <testcase name="validatePhoneNumberOutLimits" classname="app.domain.model.ClientTest" time="0"/>
  <testcase name="validateTINOutLimits" classname="app.domain.model.ClientTest" time="0"/>
</testsuite>